<?xml version="1.0" encoding="UTF-8"?>
<!-- Generated by org.testng.reporters.JUnitXMLReporter -->
<testsuite ignored="0" hostname="DESKTOP-17B968K" failures="0" tests="1" name="Test" time="0.095" errors="0" timestamp="2025-08-18T16:55:16 IST">
  <testcase classname="com.Ecommerce.genericUtility.BaseTest" name="@BeforeClass setIp" time="0.001">
    <failure type="org.openqa.selenium.InvalidArgumentException" message="Data is Wrong.\src\main\resources\TestData\CommanData.properties (The system cannot find the file specified)
Build info: version: &amp;apos;4.34.0&amp;apos;, revision: &amp;apos;707dcb4246*&amp;apos;
System info: os.name: &amp;apos;Windows 10&amp;apos;, os.arch: &amp;apos;amd64&amp;apos;, os.version: &amp;apos;10.0&amp;apos;, java.version: &amp;apos;21.0.6&amp;apos;
Driver info: driver.version: unknown">
      <![CDATA[org.openqa.selenium.InvalidArgumentException: Data is Wrong.\src\main\resources\TestData\CommanData.properties (The system cannot find the file specified)
Build info: version: '4.34.0', revision: '707dcb4246*'
System info: os.name: 'Windows 10', os.arch: 'amd64', os.version: '10.0', java.version: '21.0.6'
Driver info: driver.version: unknown
at com.Ecommerce.genericUtility.FileUtility.retriveDataFromProperty(FileUtility.java:16)
at com.Ecommerce.genericUtility.BaseTest.setIp(BaseTest.java:31)
at java.base/java.util.ArrayList.forEach(ArrayList.java:1596)
... Removed 23 stack frames]]>
    </failure>
  </testcase> <!-- @BeforeClass setIp -->
  <testcase classname="com.Ecommerce.addToCart.AddToCartTest" name="AddToCart" time="0.0">
    <skipped/>
  </testcase> <!-- AddToCart -->
</testsuite> <!-- Test -->
